init the properties files...
opening the browser... chrome
navigate togo url...  https://www.amazon.in
selected the option books by usinglocator :searchDropdownBox
entering the text harry potter by using the locator :field-keywords
init the properties files...
opening the browser... chrome
navigate togo url...  https://www.amazon.in
selected the option books by usinglocator :searchDropdownBox
entering the text harry potter by using the locator :field-keywords
init the properties files...
opening the browser... chrome
navigate togo url...  https://www.amazon.in
selected the option books by usinglocator :searchDropdownBox
entering the text harry potter by using the locator :field-keywords
init the properties files...
opening the browser... chrome
navigate togo url...  https://www.amazon.in
selected the option books by usinglocator :searchDropdownBox
entering the text harry potter by using the locator :field-keywords
init the properties files...
opening the browser... chrome
navigate togo url...  https://www.amazon.in
selected the option books by usinglocator :searchDropdownBox
init the properties files...
opening the browser... chrome
navigate togo url...  https://www.amazon.in
selected the option books by usinglocator :searchDropdownBox
init the properties files...
opening the browser... chrome
navigate togo url...  https://www.amazon.in
selected the option books by usinglocator :searchDropdownBox
init the properties files...
opening the browser...chrome
navigate togo url...https://www.amazon.in
selected the option books by usinglocatorsearchDropdownBox
init the properties files...
opening the browser...chrome
navigate togo url...https://www.amazon.in
selected the option books by usinglocatorsearchDropdownBox
entering the text harry potter by using the locatorfield-keywords
init the properties files...
opening the browser...chrome
navigate togo url...https://www.amazon.in
selected the option books by usinglocatorsearchDropdownBox
entering the text harry potter by using the locatorfield-keywords
init the properties files...
opening the browser...chrome
navigate togo url...https://www.amazon.in
selected the option books by usinglocatorsearchDropdownBox
entering the text harry potter by using the locatorfield-keywords
init the properties files...
opening the browser...chrome
navigate togo url...https://www.amazon.in
selected the option books by usinglocatorsearchDropdownBox
entering the text harry potter by using the locatorfield-keywords
clicked the element by using locator : //*[@id="nav-search-submit-button"]
